<?xml version="1.0" encoding="UTF-8"?>
<!-- Generated by org.testng.reporters.JUnitReportReporter -->
<testsuite hostname="DESKTOP-G6LNOJB" failures="0" tests="2" name="apimethods.ApiMethods" time="1.059" errors="0" timestamp="2023-12-14T12:56:49 IST" skipped="0">
  <testcase classname="apimethods.ApiMethods" name="deleteEmployee" time="0.998"/>
  <testcase classname="apimethods.ApiMethods" name="getEmployee" time="0.061"/>
</testsuite> <!-- apimethods.ApiMethods -->
