<?xml version="1.0" encoding="UTF-8"?>
<!-- Generated by org.testng.reporters.JUnitReportReporter -->
<testsuite hostname="DESKTOP-G6LNOJB" failures="0" tests="1" name="testrunner.testrunner" time="1.170" errors="0" timestamp="2023-12-23T21:15:27 IST" skipped="0">
  <testcase classname="testrunner.testrunner" name="runScenario" time="1.170"/>
  <system-out/>
</testsuite> <!-- testrunner.testrunner -->
